{"name": "Test case to check the title of a web page", "status": "failed", "statusDetails": {"message": "AssertionError: assert 'Testing Academy' in 'TheTestingAcademy | Learn Software Testing and Automation Testing'\n +  where 'TheTestingAcademy | Learn Software Testing and Automation Testing' = <selenium.webdriver.chrome.webdriver.WebDriver (session=\"325ad1c7a860e9114e9349389e029fa7\")>.title", "trace": "@allure.title(\"Test case to check the title of a web page\")\n    @allure.description(\"Test case to check the title of a web page\")\n    @pytest.mark.positive\n    def test_title():\n        driver = webdriver.Chrome()\n        driver.get(\"https://thetestingacademy.com/\")\n        driver.maximize_window()\n>       assert \"Testing Academy\" in driver.title\nE       assert 'Testing Academy' in 'TheTestingAcademy | Learn Software Testing and Automation Testing'\nE        +  where 'TheTestingAcademy | Learn Software Testing and Automation Testing' = <selenium.webdriver.chrome.webdriver.WebDriver (session=\"325ad1c7a860e9114e9349389e029fa7\")>.title\n\nex_01_Selenium_Basics\\test_selenium_01.py:13: AssertionError"}, "description": "Test case to check the title of a web page", "start": 1766536503183, "stop": 1766536516482, "uuid": "182a8293-467c-4f9f-b53b-2af64b250f69", "historyId": "e9fbbba07fe3e5031d9a13522d5a7869", "testCaseId": "e9fbbba07fe3e5031d9a13522d5a7869", "fullName": "ex_01_Selenium_Basics.test_selenium_01#test_title", "labels": [{"name": "tag", "value": "positive"}, {"name": "parentSuite", "value": "ex_01_Selenium_Basics"}, {"name": "suite", "value": "test_selenium_01"}, {"name": "host", "value": "Sangabhai"}, {"name": "thread", "value": "19024-MainThread"}, {"name": "framework", "value": "pytest"}, {"name": "language", "value": "cpython3"}, {"name": "package", "value": "ex_01_Selenium_Basics.test_selenium_01"}], "titlePath": ["ex_01_Selenium_Basics", "test_selenium_01.py"]}